<?xml version="1.0" encoding="UTF-8"?>
<testng-results ignored="0" total="1" passed="1" failed="0" skipped="0">
  <reporter-output>
  </reporter-output>
  <suite started-at="2018-11-17T10:01:44Z" name="Default suite" finished-at="2018-11-17T10:02:23Z" duration-ms="38510">
    <groups>
    </groups>
    <test started-at="2018-11-17T10:01:44Z" name="Default test" finished-at="2018-11-17T10:02:23Z" duration-ms="38510">
      <class name="WebPageTestCases.LoginTest">
        <test-method is-config="true" signature="setUp()[pri:0, instance:WebPageTestCases.LoginTest@4470f8a6]" started-at="2018-11-17T10:01:43Z" name="setUp" finished-at="2018-11-17T10:01:44Z" duration-ms="564" status="PASS">
          <reporter-output>
          </reporter-output>
        </test-method> <!-- setUp -->
        <test-method is-config="true" signature="bsetup()[pri:0, instance:WebPageTestCases.LoginTest@4470f8a6]" started-at="2018-11-17T10:01:44Z" name="bsetup" finished-at="2018-11-17T10:02:15Z" duration-ms="30497" status="PASS">
          <reporter-output>
          </reporter-output>
        </test-method> <!-- bsetup -->
        <test-method signature="Logintest()[pri:0, instance:WebPageTestCases.LoginTest@4470f8a6]" started-at="2018-11-17T10:02:15Z" name="Logintest" finished-at="2018-11-17T10:02:22Z" duration-ms="7785" status="PASS">
          <reporter-output>
          </reporter-output>
        </test-method> <!-- Logintest -->
        <test-method is-config="true" signature="getResult(org.testng.ITestResult)[pri:0, instance:WebPageTestCases.LoginTest@4470f8a6]" started-at="2018-11-17T10:02:22Z" name="getResult" finished-at="2018-11-17T10:02:23Z" duration-ms="168" status="PASS">
          <params>
            <param index="0">
              <value>
                <![CDATA[[TestResult name=Logintest status=SUCCESS method=LoginTest.Logintest()[pri:0, instance:WebPageTestCases.LoginTest@4470f8a6] output={null}]]]>
              </value>
            </param>
          </params>
          <reporter-output>
          </reporter-output>
        </test-method> <!-- getResult -->
        <test-method is-config="true" signature="tearDown()[pri:0, instance:WebPageTestCases.LoginTest@4470f8a6]" started-at="2018-11-17T10:02:23Z" name="tearDown" finished-at="2018-11-17T10:02:26Z" duration-ms="3785" status="PASS">
          <reporter-output>
          </reporter-output>
        </test-method> <!-- tearDown -->
      </class> <!-- WebPageTestCases.LoginTest -->
    </test> <!-- Default test -->
  </suite> <!-- Default suite -->
</testng-results>
